00:00  INFO: Client commandline script started
00:00  INFO: Connecting to localhost:61234
00:00  INFO: Registering: bar
00:00  INFO: Refresh requested
00:01  INFO: 
Black Score: 4
White Score: 1
Next player: white
Board:
 |01234567
----------
0|********
1|********
2|***0****
3|***00***
4|***01***
5|********
6|********
7|********

00:01  INFO: Player chose move: 22
00:01  INFO: 
Black Score: 5
White Score: 2
Next player: white
Board:
 |01234567
----------
0|********
1|********
2|*000****
3|***10***
4|***01***
5|********
6|********
7|********

00:01  INFO: Player chose move: 11
00:01  INFO: 
Black Score: 6
White Score: 3
Next player: white
Board:
 |01234567
----------
0|*0******
1|*0******
2|*010****
3|***10***
4|***01***
5|********
6|********
7|********

00:01  INFO: Player chose move: 00
00:02  INFO: 
Black Score: 7
White Score: 4
Next player: white
Board:
 |01234567
----------
0|10******
1|*1******
2|*010****
3|**000***
4|***01***
5|********
6|********
7|********

00:02  INFO: Player chose move: 02
00:02  INFO: 
Black Score: 8
White Score: 5
Next player: white
Board:
 |01234567
----------
0|111*****
1|*10*****
2|*000****
3|**000***
4|***01***
5|********
6|********
7|********

00:02  INFO: Player chose move: 13
00:02  INFO: 
Black Score: 10
White Score: 5
Next player: white
Board:
 |01234567
----------
0|1110****
1|*100****
2|*000****
3|**000***
4|***01***
5|********
6|********
7|********

00:02  INFO: Player chose move: 04
00:02  INFO: 
Black Score: 11
White Score: 6
Next player: white
Board:
 |01234567
----------
0|11111***
1|0000****
2|*000****
3|**000***
4|***01***
5|********
6|********
7|********

00:02  INFO: Player chose move: 20
00:02  INFO: 
Black Score: 11
White Score: 8
Next player: white
Board:
 |01234567
----------
0|11111***
1|1100****
2|1000****
3|**000***
4|***000**
5|********
6|********
7|********

00:02  INFO: Player chose move: 14
00:02  INFO: 
Black Score: 11
White Score: 10
Next player: white
Board:
 |01234567
----------
0|111110**
1|11110***
2|1000****
3|**000***
4|***000**
5|********
6|********
7|********

00:02  INFO: Player chose move: 06
00:02  INFO: 
Black Score: 10
White Score: 12
Next player: black
Board:
 |01234567
----------
0|1111111*
1|11110***
2|1000****
3|**000***
4|***000**
5|********
6|********
7|********

00:02  INFO: Player 1:  game terminated received
00:02  INFO: You (player 2) won!
