00:00  INFO: GameServer commandline script started
00:00  INFO: GameServer launched on port 61234
00:02  INFO: Accepted new connection from /127.0.0.1
00:02  INFO: Waiting for player name...
00:02  INFO: Received player name: LobbyHoster_524.8989639235725_1652880033245
00:02  INFO: Connection to client /127.0.0.1 with name LobbyHoster_524.8989639235725_1652880033245 established
00:02  INFO: Match received, created lobby mylobby
00:02  INFO: Now closing connection to /127.0.0.1
00:02  INFO: Removed player name LobbyHoster_524.8989639235725_1652880033245
00:02  INFO: Accepted new connection from /127.0.0.1
00:02  INFO: Waiting for player name...
00:02  INFO: Received player name: foo
00:02  INFO: Connection to client /127.0.0.1 with name foo established
00:02  INFO: Player 0 joined lobby, initiating handshake
00:02  INFO: Player name for id 0: foo
00:02  INFO: The number of engines has just been increased to : 1
00:02  INFO: Removed player name foo
00:02  INFO: Accepted new connection from /127.0.0.1
00:02  INFO: Waiting for player name...
00:02  INFO: Received player name: bar
00:02  INFO: Connection to client /127.0.0.1 with name bar established
00:02  INFO: Player 1 joined lobby, initiating handshake
00:03  INFO: Player name for id 1: bar
00:03  INFO: The number of engines has just been increased to : 2
00:03  INFO: Starting game
00:03  INFO: Removed lobby with name mylobby
00:03  INFO: Removed player name foo
00:03  INFO: Removed player name bar
00:03  INFO: Registering referee "za.ac.sun.cs.ingenious.games.domineering.DomineeringReferee" as "DomineeringReferee"
00:03  INFO: Registering referee "za.ac.sun.cs.ingenious.games.othello.OthelloReferee" as "OthelloReferee"
00:03  INFO: Registering referee "za.ac.sun.cs.ingenious.games.mnk.MNKReferee" as "MNKReferee"
00:03  INFO: Registering referee "za.ac.sun.cs.ingenious.games.cardGames.uno.game.UnoReferee" as "UnoReferee"
00:03  INFO: Registering referee "za.ac.sun.cs.ingenious.games.bomberman.BMReferee" as "BMReferee"
00:03  INFO: Registering referee "za.ac.sun.cs.ingenious.games.loa.LOAController" as "LOAController"
00:03  INFO: Registering referee "za.ac.sun.cs.ingenious.games.tictactoe.TTTReferee" as "TTTReferee"
00:03  INFO: Registering referee "za.ac.sun.cs.ingenious.games.go.GoReferee" as "GoReferee"
00:03  INFO: Registering referee "za.ac.sun.cs.ingenious.games.cardGames.hearts.game.HeartsReferee" as "HeartsReferee"
00:03  INFO: Removed player name bar
00:03  INFO: ===================
00:03  INFO: Starting OthelloReferee
00:03  INFO: ===================
00:04  INFO: Game state is now:
00:04  INFO: 
Black Score: 4
White Score: 1
Next player: white
Board:
 |01234567
----------
0|********
1|********
2|***0****
3|***00***
4|***01***
5|********
6|********
7|********

00:04  INFO: Game state is now:
00:04  INFO: 
Black Score: 3
White Score: 3
Next player: black
Board:
 |01234567
----------
0|********
1|********
2|**10****
3|***10***
4|***01***
5|********
6|********
7|********

00:04  INFO: Game state is now:
00:04  INFO: 
Black Score: 5
White Score: 2
Next player: white
Board:
 |01234567
----------
0|********
1|********
2|*000****
3|***10***
4|***01***
5|********
6|********
7|********

00:04  INFO: Game state is now:
00:04  INFO: 
Black Score: 4
White Score: 4
Next player: black
Board:
 |01234567
----------
0|********
1|*1******
2|*010****
3|***10***
4|***01***
5|********
6|********
7|********

00:04  INFO: Game state is now:
00:04  INFO: 
Black Score: 6
White Score: 3
Next player: white
Board:
 |01234567
----------
0|*0******
1|*0******
2|*010****
3|***10***
4|***01***
5|********
6|********
7|********

00:04  INFO: Game state is now:
00:04  INFO: 
Black Score: 5
White Score: 5
Next player: black
Board:
 |01234567
----------
0|10******
1|*1******
2|*010****
3|***10***
4|***01***
5|********
6|********
7|********

00:04  INFO: Game state is now:
00:04  INFO: 
Black Score: 7
White Score: 4
Next player: white
Board:
 |01234567
----------
0|10******
1|*1******
2|*010****
3|**000***
4|***01***
5|********
6|********
7|********

00:04  INFO: Game state is now:
00:04  INFO: 
Black Score: 6
White Score: 6
Next player: black
Board:
 |01234567
----------
0|111*****
1|*1******
2|*010****
3|**000***
4|***01***
5|********
6|********
7|********

00:05  INFO: Game state is now:
00:05  INFO: 
Black Score: 8
White Score: 5
Next player: white
Board:
 |01234567
----------
0|111*****
1|*10*****
2|*000****
3|**000***
4|***01***
5|********
6|********
7|********

00:05  INFO: Game state is now:
00:05  INFO: 
Black Score: 7
White Score: 7
Next player: black
Board:
 |01234567
----------
0|111*****
1|*111****
2|*000****
3|**000***
4|***01***
5|********
6|********
7|********

00:05  INFO: Game state is now:
00:05  INFO: 
Black Score: 10
White Score: 5
Next player: white
Board:
 |01234567
----------
0|1110****
1|*100****
2|*000****
3|**000***
4|***01***
5|********
6|********
7|********

00:05  INFO: Game state is now:
00:05  INFO: 
Black Score: 9
White Score: 7
Next player: black
Board:
 |01234567
----------
0|11111***
1|*100****
2|*000****
3|**000***
4|***01***
5|********
6|********
7|********

00:05  INFO: Game state is now:
00:05  INFO: 
Black Score: 11
White Score: 6
Next player: white
Board:
 |01234567
----------
0|11111***
1|0000****
2|*000****
3|**000***
4|***01***
5|********
6|********
7|********

00:05  INFO: Game state is now:
00:05  INFO: 
Black Score: 9
White Score: 9
Next player: black
Board:
 |01234567
----------
0|11111***
1|1100****
2|1000****
3|**000***
4|***01***
5|********
6|********
7|********

00:05  INFO: Game state is now:
00:05  INFO: 
Black Score: 11
White Score: 8
Next player: white
Board:
 |01234567
----------
0|11111***
1|1100****
2|1000****
3|**000***
4|***000**
5|********
6|********
7|********

00:05  INFO: Game state is now:
00:05  INFO: 
Black Score: 9
White Score: 11
Next player: black
Board:
 |01234567
----------
0|11111***
1|11111***
2|1000****
3|**000***
4|***000**
5|********
6|********
7|********

00:05  INFO: Game state is now:
00:05  INFO: 
Black Score: 11
White Score: 10
Next player: white
Board:
 |01234567
----------
0|111110**
1|11110***
2|1000****
3|**000***
4|***000**
5|********
6|********
7|********

00:05  INFO: Game state is now:
00:05  INFO: 
Black Score: 10
White Score: 12
Next player: black
Board:
 |01234567
----------
0|1111111*
1|11110***
2|1000****
3|**000***
4|***000**
5|********
6|********
7|********

00:05  INFO: Game state is now:
00:05  INFO: 
Black Score: 10
White Score: 12
Next player: black
Board:
 |01234567
----------
0|1111111*
1|11110***
2|1000****
3|**000***
4|***000**
5|********
6|********
7|********

00:05  INFO: Game ended before the board was full
00:05  INFO: Game has terminated!
00:05  INFO: Final scores:
00:05  INFO: Player 0 (foo): 10.0
00:05  INFO: Player 1 (bar): 12.0
00:05  INFO: ========================
00:05  INFO: Shutting down OthelloReferee
00:05  INFO: ========================
